<?xml version="1.0" encoding="UTF-8"?>
<coverage generated="1713649591278" clover="3.2.0">
  <project timestamp="1713649591278" name="All files">
    <metrics statements="34" coveredstatements="30" conditionals="3" coveredconditionals="2" methods="10" coveredmethods="8" elements="47" coveredelements="40" complexity="0" loc="34" ncloc="34" packages="3" files="3" classes="3"/>
    <package name="src">
      <metrics statements="26" coveredstatements="22" conditionals="3" coveredconditionals="2" methods="6" coveredmethods="4"/>
      <file name="App.tsx" path="/Users/jairpintogutierrez/Documents/codes/Orbidi-test/src/App.tsx">
        <metrics statements="26" coveredstatements="22" conditionals="3" coveredconditionals="2" methods="6" coveredmethods="4"/>
        <line num="1" count="1" type="stmt"/>
        <line num="2" count="1" type="stmt"/>
        <line num="3" count="1" type="stmt"/>
        <line num="4" count="1" type="stmt"/>
        <line num="5" count="1" type="stmt"/>
        <line num="9" count="2" type="stmt"/>
        <line num="10" count="2" type="stmt"/>
        <line num="11" count="2" type="stmt"/>
        <line num="12" count="2" type="stmt"/>
        <line num="13" count="33314" type="stmt"/>
        <line num="21" count="2" type="stmt"/>
        <line num="22" count="0" type="stmt"/>
        <line num="23" count="0" type="stmt"/>
        <line num="24" count="0" type="stmt"/>
        <line num="27" count="2" type="stmt"/>
        <line num="28" count="1" type="stmt"/>
        <line num="29" count="16657" type="stmt"/>
        <line num="30" count="16657" type="stmt"/>
        <line num="32" count="16657" type="cond" truecount="1" falsecount="0"/>
        <line num="33" count="16657" type="stmt"/>
        <line num="39" count="16657" type="stmt"/>
        <line num="40" count="16657" type="stmt"/>
        <line num="43" count="1" type="stmt"/>
        <line num="46" count="2" type="stmt"/>
        <line num="60" count="0" type="stmt"/>
        <line num="70" count="1" type="stmt"/>
      </file>
    </package>
    <package name="src.assets.jsons">
      <metrics statements="1" coveredstatements="1" conditionals="0" coveredconditionals="0" methods="0" coveredmethods="0"/>
      <file name="cities.ts" path="/Users/jairpintogutierrez/Documents/codes/Orbidi-test/src/assets/jsons/cities.ts">
        <metrics statements="1" coveredstatements="1" conditionals="0" coveredconditionals="0" methods="0" coveredmethods="0"/>
        <line num="1" count="1" type="stmt"/>
      </file>
    </package>
    <package name="src.helpers.getNearestCities">
      <metrics statements="7" coveredstatements="7" conditionals="0" coveredconditionals="0" methods="4" coveredmethods="4"/>
      <file name="getNearestCities.ts" path="/Users/jairpintogutierrez/Documents/codes/Orbidi-test/src/helpers/getNearestCities/getNearestCities.ts">
        <metrics statements="7" coveredstatements="7" conditionals="0" coveredconditionals="0" methods="4" coveredmethods="4"/>
        <line num="3" count="2" type="stmt"/>
        <line num="5" count="2" type="stmt"/>
        <line num="6" count="5" type="stmt"/>
        <line num="9" count="5" type="stmt"/>
        <line num="13" count="9" type="stmt"/>
        <line num="16" count="2" type="stmt"/>
        <line num="18" count="2" type="stmt"/>
      </file>
    </package>
  </project>
</coverage>
