{"/Users/jairpintogutierrez/Documents/codes/Orbidi-test/src/App.tsx": {"path":"/Users/jairpintogutierrez/Documents/codes/Orbidi-test/src/App.tsx","statementMap":{"0":{"start":{"line":1,"column":0},"end":{"line":1,"column":33}},"1":{"start":{"line":2,"column":0},"end":{"line":2,"column":19}},"2":{"start":{"line":3,"column":0},"end":{"line":3,"column":47}},"3":{"start":{"line":4,"column":0},"end":{"line":4,"column":45}},"4":{"start":{"line":5,"column":0},"end":{"line":5,"column":79}},"5":{"start":{"line":9,"column":42},"end":{"line":9,"column":69}},"6":{"start":{"line":10,"column":39},"end":{"line":10,"column":68}},"7":{"start":{"line":11,"column":44},"end":{"line":11,"column":67}},"8":{"start":{"line":12,"column":25},"end":{"line":19,"column":4}},"9":{"start":{"line":13,"column":4},"end":{"line":18,"column":null}},"10":{"start":{"line":21,"column":34},"end":{"line":25,"column":3}},"11":{"start":{"line":22,"column":4},"end":{"line":22,"column":34}},"12":{"start":{"line":23,"column":26},"end":{"line":23,"column":73}},"13":{"start":{"line":24,"column":4},"end":{"line":24,"column":34}},"14":{"start":{"line":27,"column":21},"end":{"line":44,"column":3}},"15":{"start":{"line":28,"column":39},"end":{"line":42,"column":10}},"16":{"start":{"line":29,"column":28},"end":{"line":29,"column":51}},"17":{"start":{"line":30,"column":31},"end":{"line":30,"column":56}},"18":{"start":{"line":32,"column":6},"end":{"line":37,"column":7}},"19":{"start":{"line":33,"column":8},"end":{"line":36,"column":11}},"20":{"start":{"line":39,"column":6},"end":{"line":39,"column":30}},"21":{"start":{"line":40,"column":6},"end":{"line":40,"column":28}},"22":{"start":{"line":43,"column":4},"end":{"line":43,"column":27}},"23":{"start":{"line":46,"column":2},"end":{"line":67,"column":null}},"24":{"start":{"line":60,"column":12},"end":{"line":60,"column":28}},"25":{"start":{"line":70,"column":0},"end":{"line":70,"column":null}}},"fnMap":{"0":{"name":"App","decl":{"start":{"line":8,"column":9},"end":{"line":8,"column":12}},"loc":{"start":{"line":8,"column":12},"end":{"line":68,"column":1}}},"1":{"name":"(anonymous_1)","decl":{"start":{"line":12,"column":40},"end":{"line":12,"column":44}},"loc":{"start":{"line":12,"column":47},"end":{"line":19,"column":3}}},"2":{"name":"(anonymous_2)","decl":{"start":{"line":21,"column":34},"end":{"line":21,"column":35}},"loc":{"start":{"line":21,"column":56},"end":{"line":25,"column":3}}},"3":{"name":"(anonymous_3)","decl":{"start":{"line":27,"column":21},"end":{"line":27,"column":22}},"loc":{"start":{"line":27,"column":60},"end":{"line":44,"column":3}}},"4":{"name":"(anonymous_4)","decl":{"start":{"line":28,"column":53},"end":{"line":28,"column":54}},"loc":{"start":{"line":28,"column":98},"end":{"line":42,"column":5}}},"5":{"name":"(anonymous_5)","decl":{"start":{"line":59,"column":28},"end":{"line":59,"column":29}},"loc":{"start":{"line":60,"column":12},"end":{"line":60,"column":28}}}},"branchMap":{"0":{"loc":{"start":{"line":32,"column":6},"end":{"line":37,"column":7}},"type":"if","locations":[{"start":{"line":32,"column":6},"end":{"line":37,"column":7}}]},"1":{"loc":{"start":{"line":55,"column":8},"end":{"line":65,"column":10}},"type":"binary-expr","locations":[{"start":{"line":55,"column":8},"end":{"line":55,"column":26}},{"start":{"line":56,"column":6},"end":{"line":64,"column":null}}]}},"s":{"0":1,"1":1,"2":1,"3":1,"4":1,"5":2,"6":2,"7":2,"8":2,"9":33314,"10":2,"11":0,"12":0,"13":0,"14":2,"15":1,"16":16657,"17":16657,"18":16657,"19":16657,"20":16657,"21":16657,"22":1,"23":2,"24":0,"25":1},"f":{"0":2,"1":33314,"2":0,"3":1,"4":16657,"5":0},"b":{"0":[16657],"1":[2,0]}}
,"/Users/jairpintogutierrez/Documents/codes/Orbidi-test/src/assets/jsons/cities.ts": {"path":"/Users/jairpintogutierrez/Documents/codes/Orbidi-test/src/assets/jsons/cities.ts","statementMap":{"0":{"start":{"line":1,"column":0},"end":{"line":99944,"column":null}}},"fnMap":{},"branchMap":{},"s":{"0":1},"f":{},"b":{}}
,"/Users/jairpintogutierrez/Documents/codes/Orbidi-test/src/helpers/getNearestCities/getNearestCities.ts": {"path":"/Users/jairpintogutierrez/Documents/codes/Orbidi-test/src/helpers/getNearestCities/getNearestCities.ts","statementMap":{"0":{"start":{"line":3,"column":32},"end":{"line":19,"column":1}},"1":{"start":{"line":5,"column":20},"end":{"line":10,"column":4}},"2":{"start":{"line":6,"column":21},"end":{"line":7,"column":null}},"3":{"start":{"line":9,"column":4},"end":{"line":9,"column":41}},"4":{"start":{"line":13,"column":2},"end":{"line":13,"column":52}},"5":{"start":{"line":13,"column":27},"end":{"line":13,"column":50}},"6":{"start":{"line":16,"column":24},"end":{"line":16,"column":83}},"7":{"start":{"line":16,"column":73},"end":{"line":16,"column":82}},"8":{"start":{"line":18,"column":2},"end":{"line":18,"column":23}},"9":{"start":{"line":3,"column":13},"end":{"line":3,"column":32}}},"fnMap":{"0":{"name":"(anonymous_0)","decl":{"start":{"line":3,"column":32},"end":{"line":3,"column":33}},"loc":{"start":{"line":3,"column":95},"end":{"line":19,"column":1}}},"1":{"name":"(anonymous_1)","decl":{"start":{"line":5,"column":31},"end":{"line":5,"column":32}},"loc":{"start":{"line":5,"column":51},"end":{"line":10,"column":3}}},"2":{"name":"(anonymous_2)","decl":{"start":{"line":13,"column":17},"end":{"line":13,"column":18}},"loc":{"start":{"line":13,"column":27},"end":{"line":13,"column":50}}},"3":{"name":"(anonymous_3)","decl":{"start":{"line":16,"column":65},"end":{"line":16,"column":69}},"loc":{"start":{"line":16,"column":73},"end":{"line":16,"column":82}}}},"branchMap":{},"s":{"0":2,"1":2,"2":5,"3":5,"4":2,"5":9,"6":2,"7":2,"8":2,"9":2},"f":{"0":2,"1":5,"2":9,"3":2},"b":{}}
}
