TN:
SF:src/App.tsx
FN:8,App
FN:12,(anonymous_1)
FN:21,(anonymous_2)
FN:27,(anonymous_3)
FN:28,(anonymous_4)
FN:59,(anonymous_5)
FNF:6
FNH:4
FNDA:2,App
FNDA:33314,(anonymous_1)
FNDA:0,(anonymous_2)
FNDA:1,(anonymous_3)
FNDA:16657,(anonymous_4)
FNDA:0,(anonymous_5)
DA:1,1
DA:2,1
DA:3,1
DA:4,1
DA:5,1
DA:9,2
DA:10,2
DA:11,2
DA:12,2
DA:13,33314
DA:21,2
DA:22,0
DA:23,0
DA:24,0
DA:27,2
DA:28,1
DA:29,16657
DA:30,16657
DA:32,16657
DA:33,16657
DA:39,16657
DA:40,16657
DA:43,1
DA:46,2
DA:60,0
DA:70,1
LF:26
LH:22
BRDA:32,0,0,16657
BRDA:55,1,0,2
BRDA:55,1,1,0
BRF:3
BRH:2
end_of_record
TN:
SF:src/assets/jsons/cities.ts
FNF:0
FNH:0
DA:1,1
LF:1
LH:1
BRF:0
BRH:0
end_of_record
TN:
SF:src/helpers/getNearestCities/getNearestCities.ts
FN:3,(anonymous_0)
FN:5,(anonymous_1)
FN:13,(anonymous_2)
FN:16,(anonymous_3)
FNF:4
FNH:4
FNDA:2,(anonymous_0)
FNDA:5,(anonymous_1)
FNDA:9,(anonymous_2)
FNDA:2,(anonymous_3)
DA:3,2
DA:5,2
DA:6,5
DA:9,5
DA:13,9
DA:16,2
DA:18,2
LF:7
LH:7
BRF:0
BRH:0
end_of_record
